# JRE version: Java(TM) SE Runtime Environment (8.0_191-b12) (build 1.8.0_191-b12)
# Java VM: Java HotSpot(TM) 64-Bit Server VM (25.191-b12 mixed mode windows-amd64 compressed oops)
Heap:
 PSYoungGen      total 82432K, used 14977K [0x00000000d5f00000, 0x00000000db880000, 0x0000000100000000)
  eden space 73216K, 7% used [0x00000000d5f00000,0x00000000d64a86e0,0x00000000da680000)
  from space 9216K, 99% used [0x00000000daf80000,0x00000000db878030,0x00000000db880000)
  to   space 9216K, 0% used [0x00000000da680000,0x00000000da680000,0x00000000daf80000)
 ParOldGen       total 64000K, used 11513K [0x0000000081c00000, 0x0000000085a80000, 0x00000000d5f00000)
  object space 64000K, 17% used [0x0000000081c00000,0x000000008273e430,0x0000000085a80000)
 Metaspace       used 34307K, capacity 35116K, committed 35328K, reserved 1079296K
  class space    used 4394K, capacity 4607K, committed 4608K, reserved 1048576K
GC Heap History (10 events):
Event: 12.342 GC heap before
{Heap before GC invocations=7 (full 1):
 PSYoungGen      total 38400K, used 37595K [0x00000000d5f00000, 0x00000000d9e80000, 0x0000000100000000)
  eden space 33280K, 100% used [0x00000000d5f00000,0x00000000d7f80000,0x00000000d7f80000)
  from space 5120K, 84% used [0x00000000d7f80000,0x00000000d83b6f38,0x00000000d8480000)
  to   space 9216K, 0% used [0x00000000d9580000,0x00000000d9580000,0x00000000d9e80000)
 ParOldGen       total 64000K, used 8484K [0x0000000081c00000, 0x0000000085a80000, 0x00000000d5f00000)
  object space 64000K, 13% used [0x0000000081c00000,0x00000000824491d0,0x0000000085a80000)
 Metaspace       used 25809K, capacity 26626K, committed 26752K, reserved 1073152K
  class space    used 3452K, capacity 3640K, committed 3712K, reserved 1048576K
Event: 12.347 GC heap after
Heap after GC invocations=7 (full 1):
 PSYoungGen      total 56320K, used 4553K [0x00000000d5f00000, 0x00000000da080000, 0x0000000100000000)
  eden space 47104K, 0% used [0x00000000d5f00000,0x00000000d5f00000,0x00000000d8d00000)
  from space 9216K, 49% used [0x00000000d9580000,0x00000000d99f26d8,0x00000000d9e80000)
  to   space 8704K, 0% used [0x00000000d8d00000,0x00000000d8d00000,0x00000000d9580000)
 ParOldGen       total 64000K, used 8492K [0x0000000081c00000, 0x0000000085a80000, 0x00000000d5f00000)
  object space 64000K, 13% used [0x0000000081c00000,0x000000008244b1d0,0x0000000085a80000)
 Metaspace       used 25809K, capacity 26626K, committed 26752K, reserved 1073152K
  class space    used 3452K, capacity 3640K, committed 3712K, reserved 1048576K
}
Event: 12.786 GC heap before
{Heap before GC invocations=8 (full 1):
 PSYoungGen      total 56320K, used 51657K [0x00000000d5f00000, 0x00000000da080000, 0x0000000100000000)
  eden space 47104K, 100% used [0x00000000d5f00000,0x00000000d8d00000,0x00000000d8d00000)
  from space 9216K, 49% used [0x00000000d9580000,0x00000000d99f26d8,0x00000000d9e80000)
  to   space 8704K, 0% used [0x00000000d8d00000,0x00000000d8d00000,0x00000000d9580000)
 ParOldGen       total 64000K, used 8492K [0x0000000081c00000, 0x0000000085a80000, 0x00000000d5f00000)
  object space 64000K, 13% used [0x0000000081c00000,0x000000008244b1d0,0x0000000085a80000)
 Metaspace       used 25899K, capacity 26690K, committed 27008K, reserved 1073152K
  class space    used 3452K, capacity 3640K, committed 3712K, reserved 1048576K
Event: 12.794 GC heap after
Heap after GC invocations=8 (full 1):
 PSYoungGen      total 55808K, used 6556K [0x00000000d5f00000, 0x00000000db880000, 0x0000000100000000)
  eden space 47104K, 0% used [0x00000000d5f00000,0x00000000d5f00000,0x00000000d8d00000)
  from space 8704K, 75% used [0x00000000d8d00000,0x00000000d9367398,0x00000000d9580000)
  to   space 9216K, 0% used [0x00000000daf80000,0x00000000daf80000,0x00000000db880000)
 ParOldGen       total 64000K, used 8500K [0x0000000081c00000, 0x0000000085a80000, 0x00000000d5f00000)
  object space 64000K, 13% used [0x0000000081c00000,0x000000008244d1d0,0x0000000085a80000)
 Metaspace       used 25899K, capacity 26690K, committed 27008K, reserved 1073152K
  class space    used 3452K, capacity 3640K, committed 3712K, reserved 1048576K
}
Event: 13.405 GC heap before
{Heap before GC invocations=9 (full 1):
 PSYoungGen      total 55808K, used 53660K [0x00000000d5f00000, 0x00000000db880000, 0x0000000100000000)
  eden space 47104K, 100% used [0x00000000d5f00000,0x00000000d8d00000,0x00000000d8d00000)
  from space 8704K, 75% used [0x00000000d8d00000,0x00000000d9367398,0x00000000d9580000)
  to   space 9216K, 0% used [0x00000000daf80000,0x00000000daf80000,0x00000000db880000)
 ParOldGen       total 64000K, used 8500K [0x0000000081c00000, 0x0000000085a80000, 0x00000000d5f00000)
  object space 64000K, 13% used [0x0000000081c00000,0x000000008244d1d0,0x0000000085a80000)
 Metaspace       used 28723K, capacity 29524K, committed 29696K, reserved 1075200K
  class space    used 3886K, capacity 4091K, committed 4096K, reserved 1048576K
Event: 13.411 GC heap after
Heap after GC invocations=9 (full 1):
 PSYoungGen      total 82432K, used 6530K [0x00000000d5f00000, 0x00000000db880000, 0x0000000100000000)
  eden space 73216K, 0% used [0x00000000d5f00000,0x00000000d5f00000,0x00000000da680000)
  from space 9216K, 70% used [0x00000000daf80000,0x00000000db5e0b80,0x00000000db880000)
  to   space 9216K, 0% used [0x00000000da680000,0x00000000da680000,0x00000000daf80000)
 ParOldGen       total 64000K, used 8508K [0x0000000081c00000, 0x0000000085a80000, 0x00000000d5f00000)
  object space 64000K, 13% used [0x0000000081c00000,0x000000008244f1d0,0x0000000085a80000)
 Metaspace       used 28723K, capacity 29524K, committed 29696K, reserved 1075200K
  class space    used 3886K, capacity 4091K, committed 4096K, reserved 1048576K
}
Event: 13.876 GC heap before
{Heap before GC invocations=10 (full 1):
 PSYoungGen      total 82432K, used 79746K [0x00000000d5f00000, 0x00000000db880000, 0x0000000100000000)
  eden space 73216K, 100% used [0x00000000d5f00000,0x00000000da680000,0x00000000da680000)
  from space 9216K, 70% used [0x00000000daf80000,0x00000000db5e0b80,0x00000000db880000)
  to   space 9216K, 0% used [0x00000000da680000,0x00000000da680000,0x00000000daf80000)
 ParOldGen       total 64000K, used 8508K [0x0000000081c00000, 0x0000000085a80000, 0x00000000d5f00000)
  object space 64000K, 13% used [0x0000000081c00000,0x000000008244f1d0,0x0000000085a80000)
 Metaspace       used 31799K, capacity 32614K, committed 32768K, reserved 1077248K
  class space    used 4159K, capacity 4350K, committed 4352K, reserved 1048576K
Event: 13.885 GC heap after
Heap after GC invocations=10 (full 1):
 PSYoungGen      total 82432K, used 7974K [0x00000000d5f00000, 0x00000000db880000, 0x0000000100000000)
  eden space 73216K, 0% used [0x00000000d5f00000,0x00000000d5f00000,0x00000000da680000)
  from space 9216K, 86% used [0x00000000da680000,0x00000000dae49918,0x00000000daf80000)
  to   space 9216K, 0% used [0x00000000daf80000,0x00000000daf80000,0x00000000db880000)
 ParOldGen       total 64000K, used 8516K [0x0000000081c00000, 0x0000000085a80000, 0x00000000d5f00000)
  object space 64000K, 13% used [0x0000000081c00000,0x00000000824511d0,0x0000000085a80000)
 Metaspace       used 31799K, capacity 32614K, committed 32768K, reserved 1077248K
  class space    used 4159K, capacity 4350K, committed 4352K, reserved 1048576K
}
Event: 14.295 GC heap before
{Heap before GC invocations=11 (full 1):
 PSYoungGen      total 82432K, used 81190K [0x00000000d5f00000, 0x00000000db880000, 0x0000000100000000)
  eden space 73216K, 100% used [0x00000000d5f00000,0x00000000da680000,0x00000000da680000)
  from space 9216K, 86% used [0x00000000da680000,0x00000000dae49918,0x00000000daf80000)
  to   space 9216K, 0% used [0x00000000daf80000,0x00000000daf80000,0x00000000db880000)
 ParOldGen       total 64000K, used 8516K [0x0000000081c00000, 0x0000000085a80000, 0x00000000d5f00000)
  object space 64000K, 13% used [0x0000000081c00000,0x00000000824511d0,0x0000000085a80000)
 Metaspace       used 34265K, capacity 35116K, committed 35328K, reserved 1079296K
  class space    used 4394K, capacity 4607K, committed 4608K, reserved 1048576K
Event: 14.305 GC heap after
Heap after GC invocations=11 (full 1):
 PSYoungGen      total 82432K, used 9184K [0x00000000d5f00000, 0x00000000db880000, 0x0000000100000000)
  eden space 73216K, 0% used [0x00000000d5f00000,0x00000000d5f00000,0x00000000da680000)
  from space 9216K, 99% used [0x00000000daf80000,0x00000000db878030,0x00000000db880000)
  to   space 9216K, 0% used [0x00000000da680000,0x00000000da680000,0x00000000daf80000)
 ParOldGen       total 64000K, used 11513K [0x0000000081c00000, 0x0000000085a80000, 0x00000000d5f00000)
  object space 64000K, 17% used [0x0000000081c00000,0x000000008273e430,0x0000000085a80000)
 Metaspace       used 34265K, capacity 35116K, committed 35328K, reserved 1079296K
  class space    used 4394K, capacity 4607K, committed 4608K, reserved 1048576K
}

