# JRE version: Java(TM) SE Runtime Environment (8.0_191-b12) (build 1.8.0_191-b12)
# Java VM: Java HotSpot(TM) 64-Bit Server VM (25.191-b12 mixed mode windows-amd64 compressed oops)
Heap:
 PSYoungGen      total 181760K, used 79427K [0x00000000d5f00000, 0x00000000e7200000, 0x0000000100000000)
  eden space 160768K, 49% used [0x00000000d5f00000,0x00000000dac90f68,0x00000000dfc00000)
  from space 20992K, 0% used [0x00000000dfc00000,0x00000000dfc00000,0x00000000e1080000)
  to   space 19968K, 0% used [0x00000000e5e80000,0x00000000e5e80000,0x00000000e7200000)
 ParOldGen       total 90112K, used 42281K [0x0000000081c00000, 0x0000000087400000, 0x00000000d5f00000)
  object space 90112K, 46% used [0x0000000081c00000,0x000000008454a5f0,0x0000000087400000)
 Metaspace       used 39436K, capacity 40544K, committed 40704K, reserved 1085440K
  class space    used 5086K, capacity 5341K, committed 5376K, reserved 1048576K
GC Heap History (10 events):
Event: 10.583 GC heap before
{Heap before GC invocations=9 (full 1):
 PSYoungGen      total 98816K, used 87203K [0x00000000d5f00000, 0x00000000df600000, 0x0000000100000000)
  eden space 78848K, 100% used [0x00000000d5f00000,0x00000000dac00000,0x00000000dac00000)
  from space 19968K, 41% used [0x00000000dac00000,0x00000000db428e88,0x00000000dbf80000)
  to   space 18432K, 0% used [0x00000000de400000,0x00000000de400000,0x00000000df600000)
 ParOldGen       total 90112K, used 24224K [0x0000000081c00000, 0x0000000087400000, 0x00000000d5f00000)
  object space 90112K, 26% used [0x0000000081c00000,0x00000000833a82b8,0x0000000087400000)
 Metaspace       used 32744K, capacity 33604K, committed 33920K, reserved 1079296K
  class space    used 4246K, capacity 4445K, committed 4480K, reserved 1048576K
Event: 10.592 GC heap after
Heap after GC invocations=9 (full 1):
 PSYoungGen      total 136704K, used 9749K [0x00000000d5f00000, 0x00000000df980000, 0x0000000100000000)
  eden space 118272K, 0% used [0x00000000d5f00000,0x00000000d5f00000,0x00000000dd280000)
  from space 18432K, 52% used [0x00000000de400000,0x00000000ded85500,0x00000000df600000)
  to   space 17920K, 0% used [0x00000000dd280000,0x00000000dd280000,0x00000000de400000)
 ParOldGen       total 90112K, used 24232K [0x0000000081c00000, 0x0000000087400000, 0x00000000d5f00000)
  object space 90112K, 26% used [0x0000000081c00000,0x00000000833aa2b8,0x0000000087400000)
 Metaspace       used 32744K, capacity 33604K, committed 33920K, reserved 1079296K
  class space    used 4246K, capacity 4445K, committed 4480K, reserved 1048576K
}
Event: 11.066 GC heap before
{Heap before GC invocations=10 (full 1):
 PSYoungGen      total 136704K, used 128021K [0x00000000d5f00000, 0x00000000df980000, 0x0000000100000000)
  eden space 118272K, 100% used [0x00000000d5f00000,0x00000000dd280000,0x00000000dd280000)
  from space 18432K, 52% used [0x00000000de400000,0x00000000ded85500,0x00000000df600000)
  to   space 17920K, 0% used [0x00000000dd280000,0x00000000dd280000,0x00000000de400000)
 ParOldGen       total 90112K, used 24232K [0x0000000081c00000, 0x0000000087400000, 0x00000000d5f00000)
  object space 90112K, 26% used [0x0000000081c00000,0x00000000833aa2b8,0x0000000087400000)
 Metaspace       used 34295K, capacity 35114K, committed 35328K, reserved 1079296K
  class space    used 4397K, capacity 4606K, committed 4608K, reserved 1048576K
Event: 11.082 GC heap after
Heap after GC invocations=10 (full 1):
 PSYoungGen      total 136192K, used 14474K [0x00000000d5f00000, 0x00000000e2380000, 0x0000000100000000)
  eden space 118272K, 0% used [0x00000000d5f00000,0x00000000d5f00000,0x00000000dd280000)
  from space 17920K, 80% used [0x00000000dd280000,0x00000000de0a2ba0,0x00000000de400000)
  to   space 19456K, 0% used [0x00000000e1080000,0x00000000e1080000,0x00000000e2380000)
 ParOldGen       total 90112K, used 24804K [0x0000000081c00000, 0x0000000087400000, 0x00000000d5f00000)
  object space 90112K, 27% used [0x0000000081c00000,0x0000000083439068,0x0000000087400000)
 Metaspace       used 34295K, capacity 35114K, committed 35328K, reserved 1079296K
  class space    used 4397K, capacity 4606K, committed 4608K, reserved 1048576K
}
Event: 11.327 GC heap before
{Heap before GC invocations=11 (full 1):
 PSYoungGen      total 136192K, used 132746K [0x00000000d5f00000, 0x00000000e2380000, 0x0000000100000000)
  eden space 118272K, 100% used [0x00000000d5f00000,0x00000000dd280000,0x00000000dd280000)
  from space 17920K, 80% used [0x00000000dd280000,0x00000000de0a2ba0,0x00000000de400000)
  to   space 19456K, 0% used [0x00000000e1080000,0x00000000e1080000,0x00000000e2380000)
 ParOldGen       total 90112K, used 24804K [0x0000000081c00000, 0x0000000087400000, 0x00000000d5f00000)
  object space 90112K, 27% used [0x0000000081c00000,0x0000000083439068,0x0000000087400000)
 Metaspace       used 34359K, capacity 35178K, committed 35328K, reserved 1079296K
  class space    used 4403K, capacity 4606K, committed 4608K, reserved 1048576K
Event: 11.344 GC heap after
Heap after GC invocations=11 (full 1):
 PSYoungGen      total 180224K, used 16960K [0x00000000d5f00000, 0x00000000e2e00000, 0x0000000100000000)
  eden space 160768K, 0% used [0x00000000d5f00000,0x00000000d5f00000,0x00000000dfc00000)
  from space 19456K, 87% used [0x00000000e1080000,0x00000000e2110030,0x00000000e2380000)
  to   space 20992K, 0% used [0x00000000dfc00000,0x00000000dfc00000,0x00000000e1080000)
 ParOldGen       total 90112K, used 25643K [0x0000000081c00000, 0x0000000087400000, 0x00000000d5f00000)
  object space 90112K, 28% used [0x0000000081c00000,0x000000008350aec8,0x0000000087400000)
 Metaspace       used 34359K, capacity 35178K, committed 35328K, reserved 1079296K
  class space    used 4403K, capacity 4606K, committed 4608K, reserved 1048576K
}
Event: 11.441 GC heap before
{Heap before GC invocations=12 (full 1):
 PSYoungGen      total 180224K, used 48520K [0x00000000d5f00000, 0x00000000e2e00000, 0x0000000100000000)
  eden space 160768K, 19% used [0x00000000d5f00000,0x00000000d7dd2310,0x00000000dfc00000)
  from space 19456K, 87% used [0x00000000e1080000,0x00000000e2110030,0x00000000e2380000)
  to   space 20992K, 0% used [0x00000000dfc00000,0x00000000dfc00000,0x00000000e1080000)
 ParOldGen       total 90112K, used 25643K [0x0000000081c00000, 0x0000000087400000, 0x00000000d5f00000)
  object space 90112K, 28% used [0x0000000081c00000,0x000000008350aec8,0x0000000087400000)
 Metaspace       used 34485K, capacity 35306K, committed 35496K, reserved 1081344K
  class space    used 4426K, capacity 4606K, committed 4608K, reserved 1048576K
Event: 11.457 GC heap after
Heap after GC invocations=12 (full 1):
 PSYoungGen      total 181760K, used 9920K [0x00000000d5f00000, 0x00000000e7200000, 0x0000000100000000)
  eden space 160768K, 0% used [0x00000000d5f00000,0x00000000d5f00000,0x00000000dfc00000)
  from space 20992K, 47% used [0x00000000dfc00000,0x00000000e05b0000,0x00000000e1080000)
  to   space 19968K, 0% used [0x00000000e5e80000,0x00000000e5e80000,0x00000000e7200000)
 ParOldGen       total 90112K, used 33909K [0x0000000081c00000, 0x0000000087400000, 0x00000000d5f00000)
  object space 90112K, 37% used [0x0000000081c00000,0x0000000083d1d718,0x0000000087400000)
 Metaspace       used 34485K, capacity 35306K, committed 35496K, reserved 1081344K
  class space    used 4426K, capacity 4606K, committed 4608K, reserved 1048576K
}
Event: 11.457 GC heap before
{Heap before GC invocations=13 (full 2):
 PSYoungGen      total 181760K, used 9920K [0x00000000d5f00000, 0x00000000e7200000, 0x0000000100000000)
  eden space 160768K, 0% used [0x00000000d5f00000,0x00000000d5f00000,0x00000000dfc00000)
  from space 20992K, 47% used [0x00000000dfc00000,0x00000000e05b0000,0x00000000e1080000)
  to   space 19968K, 0% used [0x00000000e5e80000,0x00000000e5e80000,0x00000000e7200000)
 ParOldGen       total 90112K, used 33909K [0x0000000081c00000, 0x0000000087400000, 0x00000000d5f00000)
  object space 90112K, 37% used [0x0000000081c00000,0x0000000083d1d718,0x0000000087400000)
 Metaspace       used 34485K, capacity 35306K, committed 35496K, reserved 1081344K
  class space    used 4426K, capacity 4606K, committed 4608K, reserved 1048576K
Event: 11.615 GC heap after
Heap after GC invocations=13 (full 2):
 PSYoungGen      total 181760K, used 0K [0x00000000d5f00000, 0x00000000e7200000, 0x0000000100000000)
  eden space 160768K, 0% used [0x00000000d5f00000,0x00000000d5f00000,0x00000000dfc00000)
  from space 20992K, 0% used [0x00000000dfc00000,0x00000000dfc00000,0x00000000e1080000)
  to   space 19968K, 0% used [0x00000000e5e80000,0x00000000e5e80000,0x00000000e7200000)
 ParOldGen       total 90112K, used 42281K [0x0000000081c00000, 0x0000000087400000, 0x00000000d5f00000)
  object space 90112K, 46% used [0x0000000081c00000,0x000000008454a5f0,0x0000000087400000)
 Metaspace       used 34485K, capacity 35306K, committed 35496K, reserved 1081344K
  class space    used 4426K, capacity 4606K, committed 4608K, reserved 1048576K
}

