# JRE version: Java(TM) SE Runtime Environment (8.0_191-b12) (build 1.8.0_191-b12)
# Java VM: Java HotSpot(TM) 64-Bit Server VM (25.191-b12 mixed mode windows-amd64 compressed oops)
Heap:
 PSYoungGen      total 183808K, used 46994K [0x00000000d5f00000, 0x00000000e8200000, 0x0000000100000000)
  eden space 163328K, 25% used [0x00000000d5f00000,0x00000000d8744868,0x00000000dfe80000)
  from space 20480K, 28% used [0x00000000dfe80000,0x00000000e0420000,0x00000000e1280000)
  to   space 19968K, 0% used [0x00000000e6e80000,0x00000000e6e80000,0x00000000e8200000)
 ParOldGen       total 96768K, used 36098K [0x0000000081c00000, 0x0000000087a80000, 0x00000000d5f00000)
  object space 96768K, 37% used [0x0000000081c00000,0x0000000083f40b98,0x0000000087a80000)
 Metaspace       used 37842K, capacity 38734K, committed 39168K, reserved 1083392K
  class space    used 4814K, capacity 5038K, committed 5120K, reserved 1048576K
GC Heap History (10 events):
Event: 35.746 GC heap before
{Heap before GC invocations=9 (full 1):
 PSYoungGen      total 98304K, used 87080K [0x00000000d5f00000, 0x00000000df800000, 0x0000000100000000)
  eden space 77824K, 100% used [0x00000000d5f00000,0x00000000dab00000,0x00000000dab00000)
  from space 20480K, 45% used [0x00000000dab00000,0x00000000db40a268,0x00000000dbf00000)
  to   space 19456K, 0% used [0x00000000de500000,0x00000000de500000,0x00000000df800000)
 ParOldGen       total 89088K, used 23468K [0x0000000081c00000, 0x0000000087300000, 0x00000000d5f00000)
  object space 89088K, 26% used [0x0000000081c00000,0x00000000832eb110,0x0000000087300000)
 Metaspace       used 32021K, capacity 32774K, committed 33152K, reserved 1077248K
  class space    used 4178K, capacity 4382K, committed 4480K, reserved 1048576K
Event: 35.754 GC heap after
Heap after GC invocations=9 (full 1):
 PSYoungGen      total 138240K, used 8179K [0x00000000d5f00000, 0x00000000dfa00000, 0x0000000100000000)
  eden space 118784K, 0% used [0x00000000d5f00000,0x00000000d5f00000,0x00000000dd300000)
  from space 19456K, 42% used [0x00000000de500000,0x00000000decfccd0,0x00000000df800000)
  to   space 18432K, 0% used [0x00000000dd300000,0x00000000dd300000,0x00000000de500000)
 ParOldGen       total 89088K, used 23476K [0x0000000081c00000, 0x0000000087300000, 0x00000000d5f00000)
  object space 89088K, 26% used [0x0000000081c00000,0x00000000832ed110,0x0000000087300000)
 Metaspace       used 32021K, capacity 32774K, committed 33152K, reserved 1077248K
  class space    used 4178K, capacity 4382K, committed 4480K, reserved 1048576K
}
Event: 36.235 GC heap before
{Heap before GC invocations=10 (full 1):
 PSYoungGen      total 138240K, used 126963K [0x00000000d5f00000, 0x00000000dfa00000, 0x0000000100000000)
  eden space 118784K, 100% used [0x00000000d5f00000,0x00000000dd300000,0x00000000dd300000)
  from space 19456K, 42% used [0x00000000de500000,0x00000000decfccd0,0x00000000df800000)
  to   space 18432K, 0% used [0x00000000dd300000,0x00000000dd300000,0x00000000de500000)
 ParOldGen       total 89088K, used 23476K [0x0000000081c00000, 0x0000000087300000, 0x00000000d5f00000)
  object space 89088K, 26% used [0x0000000081c00000,0x00000000832ed110,0x0000000087300000)
 Metaspace       used 34469K, capacity 35244K, committed 35496K, reserved 1081344K
  class space    used 4400K, capacity 4607K, committed 4608K, reserved 1048576K
Event: 36.249 GC heap after
Heap after GC invocations=10 (full 1):
 PSYoungGen      total 137216K, used 13920K [0x00000000d5f00000, 0x00000000e2580000, 0x0000000100000000)
  eden space 118784K, 0% used [0x00000000d5f00000,0x00000000d5f00000,0x00000000dd300000)
  from space 18432K, 75% used [0x00000000dd300000,0x00000000de098198,0x00000000de500000)
  to   space 19456K, 0% used [0x00000000e1280000,0x00000000e1280000,0x00000000e2580000)
 ParOldGen       total 89088K, used 23484K [0x0000000081c00000, 0x0000000087300000, 0x00000000d5f00000)
  object space 89088K, 26% used [0x0000000081c00000,0x00000000832ef110,0x0000000087300000)
 Metaspace       used 34469K, capacity 35244K, committed 35496K, reserved 1081344K
  class space    used 4400K, capacity 4607K, committed 4608K, reserved 1048576K
}
Event: 36.253 GC heap before
{Heap before GC invocations=11 (full 1):
 PSYoungGen      total 137216K, used 16138K [0x00000000d5f00000, 0x00000000e2580000, 0x0000000100000000)
  eden space 118784K, 1% used [0x00000000d5f00000,0x00000000d612a7e0,0x00000000dd300000)
  from space 18432K, 75% used [0x00000000dd300000,0x00000000de098198,0x00000000de500000)
  to   space 19456K, 0% used [0x00000000e1280000,0x00000000e1280000,0x00000000e2580000)
 ParOldGen       total 89088K, used 23484K [0x0000000081c00000, 0x0000000087300000, 0x00000000d5f00000)
  object space 89088K, 26% used [0x0000000081c00000,0x00000000832ef110,0x0000000087300000)
 Metaspace       used 34491K, capacity 35244K, committed 35496K, reserved 1081344K
  class space    used 4400K, capacity 4607K, committed 4608K, reserved 1048576K
Event: 36.265 GC heap after
Heap after GC invocations=11 (full 1):
 PSYoungGen      total 182784K, used 13157K [0x00000000d5f00000, 0x00000000e3e00000, 0x0000000100000000)
  eden space 163328K, 0% used [0x00000000d5f00000,0x00000000d5f00000,0x00000000dfe80000)
  from space 19456K, 67% used [0x00000000e1280000,0x00000000e1f59510,0x00000000e2580000)
  to   space 20480K, 0% used [0x00000000dfe80000,0x00000000dfe80000,0x00000000e1280000)
 ParOldGen       total 89088K, used 23564K [0x0000000081c00000, 0x0000000087300000, 0x00000000d5f00000)
  object space 89088K, 26% used [0x0000000081c00000,0x0000000083303110,0x0000000087300000)
 Metaspace       used 34491K, capacity 35244K, committed 35496K, reserved 1081344K
  class space    used 4400K, capacity 4607K, committed 4608K, reserved 1048576K
}
Event: 36.265 GC heap before
{Heap before GC invocations=12 (full 2):
 PSYoungGen      total 182784K, used 13157K [0x00000000d5f00000, 0x00000000e3e00000, 0x0000000100000000)
  eden space 163328K, 0% used [0x00000000d5f00000,0x00000000d5f00000,0x00000000dfe80000)
  from space 19456K, 67% used [0x00000000e1280000,0x00000000e1f59510,0x00000000e2580000)
  to   space 20480K, 0% used [0x00000000dfe80000,0x00000000dfe80000,0x00000000e1280000)
 ParOldGen       total 89088K, used 23564K [0x0000000081c00000, 0x0000000087300000, 0x00000000d5f00000)
  object space 89088K, 26% used [0x0000000081c00000,0x0000000083303110,0x0000000087300000)
 Metaspace       used 34491K, capacity 35244K, committed 35496K, reserved 1081344K
  class space    used 4400K, capacity 4607K, committed 4608K, reserved 1048576K
Event: 36.368 GC heap after
Heap after GC invocations=12 (full 2):
 PSYoungGen      total 182784K, used 0K [0x00000000d5f00000, 0x00000000e3e00000, 0x0000000100000000)
  eden space 163328K, 0% used [0x00000000d5f00000,0x00000000d5f00000,0x00000000dfe80000)
  from space 19456K, 0% used [0x00000000e1280000,0x00000000e1280000,0x00000000e2580000)
  to   space 20480K, 0% used [0x00000000dfe80000,0x00000000dfe80000,0x00000000e1280000)
 ParOldGen       total 96768K, used 36090K [0x0000000081c00000, 0x0000000087a80000, 0x00000000d5f00000)
  object space 96768K, 37% used [0x0000000081c00000,0x0000000083f3eb98,0x0000000087a80000)
 Metaspace       used 34491K, capacity 35244K, committed 35496K, reserved 1081344K
  class space    used 4400K, capacity 4607K, committed 4608K, reserved 1048576K
}
Event: 36.693 GC heap before
{Heap before GC invocations=13 (full 2):
 PSYoungGen      total 182784K, used 163328K [0x00000000d5f00000, 0x00000000e3e00000, 0x0000000100000000)
  eden space 163328K, 100% used [0x00000000d5f00000,0x00000000dfe80000,0x00000000dfe80000)
  from space 19456K, 0% used [0x00000000e1280000,0x00000000e1280000,0x00000000e2580000)
  to   space 20480K, 0% used [0x00000000dfe80000,0x00000000dfe80000,0x00000000e1280000)
 ParOldGen       total 96768K, used 36090K [0x0000000081c00000, 0x0000000087a80000, 0x00000000d5f00000)
  object space 96768K, 37% used [0x0000000081c00000,0x0000000083f3eb98,0x0000000087a80000)
 Metaspace       used 34702K, capacity 35436K, committed 35752K, reserved 1081344K
  class space    used 4425K, capacity 4607K, committed 4608K, reserved 1048576K
Event: 36.699 GC heap after
Heap after GC invocations=13 (full 2):
 PSYoungGen      total 183808K, used 5760K [0x00000000d5f00000, 0x00000000e8200000, 0x0000000100000000)
  eden space 163328K, 0% used [0x00000000d5f00000,0x00000000d5f00000,0x00000000dfe80000)
  from space 20480K, 28% used [0x00000000dfe80000,0x00000000e0420000,0x00000000e1280000)
  to   space 19968K, 0% used [0x00000000e6e80000,0x00000000e6e80000,0x00000000e8200000)
 ParOldGen       total 96768K, used 36098K [0x0000000081c00000, 0x0000000087a80000, 0x00000000d5f00000)
  object space 96768K, 37% used [0x0000000081c00000,0x0000000083f40b98,0x0000000087a80000)
 Metaspace       used 34702K, capacity 35436K, committed 35752K, reserved 1081344K
  class space    used 4425K, capacity 4607K, committed 4608K, reserved 1048576K
}

