# JRE version: Java(TM) SE Runtime Environment (8.0_191-b12) (build 1.8.0_191-b12)
# Java VM: Java HotSpot(TM) 64-Bit Server VM (25.191-b12 mixed mode windows-amd64 compressed oops)
Heap:
 PSYoungGen      total 258560K, used 165624K [0x00000000d5f00000, 0x00000000e9100000, 0x0000000100000000)
  eden space 242176K, 65% used [0x00000000d5f00000,0x00000000dfb14178,0x00000000e4b80000)
  from space 16384K, 35% used [0x00000000e4b80000,0x00000000e512a150,0x00000000e5b80000)
  to   space 15360K, 0% used [0x00000000e8200000,0x00000000e8200000,0x00000000e9100000)
 ParOldGen       total 124928K, used 63769K [0x0000000081c00000, 0x0000000089600000, 0x00000000d5f00000)
  object space 124928K, 51% used [0x0000000081c00000,0x0000000085a464c0,0x0000000089600000)
 Metaspace       used 43236K, capacity 44918K, committed 45052K, reserved 1089536K
  class space    used 5550K, capacity 5880K, committed 5888K, reserved 1048576K
GC Heap History (10 events):
Event: 14.909 GC heap before
{Heap before GC invocations=14 (full 1):
 PSYoungGen      total 186368K, used 10970K [0x00000000d5f00000, 0x00000000e2780000, 0x0000000100000000)
  eden space 169472K, 3% used [0x00000000d5f00000,0x00000000d658ea30,0x00000000e0480000)
  from space 16896K, 25% used [0x00000000e1500000,0x00000000e1928000,0x00000000e2580000)
  to   space 16896K, 0% used [0x00000000e0480000,0x00000000e0480000,0x00000000e1500000)
 ParOldGen       total 88064K, used 38655K [0x0000000081c00000, 0x0000000087200000, 0x00000000d5f00000)
  object space 88064K, 43% used [0x0000000081c00000,0x00000000841bff90,0x0000000087200000)
 Metaspace       used 35024K, capacity 35770K, committed 36048K, reserved 1081344K
  class space    used 4472K, capacity 4672K, committed 4736K, reserved 1048576K
Event: 14.913 GC heap after
Heap after GC invocations=14 (full 1):
 PSYoungGen      total 186368K, used 352K [0x00000000d5f00000, 0x00000000e7400000, 0x0000000100000000)
  eden space 169472K, 0% used [0x00000000d5f00000,0x00000000d5f00000,0x00000000e0480000)
  from space 16896K, 2% used [0x00000000e0480000,0x00000000e04d8000,0x00000000e1500000)
  to   space 16896K, 0% used [0x00000000e6380000,0x00000000e6380000,0x00000000e7400000)
 ParOldGen       total 88064K, used 42756K [0x0000000081c00000, 0x0000000087200000, 0x00000000d5f00000)
  object space 88064K, 48% used [0x0000000081c00000,0x00000000845c1018,0x0000000087200000)
 Metaspace       used 35024K, capacity 35770K, committed 36048K, reserved 1081344K
  class space    used 4472K, capacity 4672K, committed 4736K, reserved 1048576K
}
Event: 14.913 GC heap before
{Heap before GC invocations=15 (full 2):
 PSYoungGen      total 186368K, used 352K [0x00000000d5f00000, 0x00000000e7400000, 0x0000000100000000)
  eden space 169472K, 0% used [0x00000000d5f00000,0x00000000d5f00000,0x00000000e0480000)
  from space 16896K, 2% used [0x00000000e0480000,0x00000000e04d8000,0x00000000e1500000)
  to   space 16896K, 0% used [0x00000000e6380000,0x00000000e6380000,0x00000000e7400000)
 ParOldGen       total 88064K, used 42756K [0x0000000081c00000, 0x0000000087200000, 0x00000000d5f00000)
  object space 88064K, 48% used [0x0000000081c00000,0x00000000845c1018,0x0000000087200000)
 Metaspace       used 35024K, capacity 35770K, committed 36048K, reserved 1081344K
  class space    used 4472K, capacity 4672K, committed 4736K, reserved 1048576K
Event: 15.241 GC heap after
Heap after GC invocations=15 (full 2):
 PSYoungGen      total 186368K, used 0K [0x00000000d5f00000, 0x00000000e7400000, 0x0000000100000000)
  eden space 169472K, 0% used [0x00000000d5f00000,0x00000000d5f00000,0x00000000e0480000)
  from space 16896K, 0% used [0x00000000e0480000,0x00000000e0480000,0x00000000e1500000)
  to   space 16896K, 0% used [0x00000000e6380000,0x00000000e6380000,0x00000000e7400000)
 ParOldGen       total 124928K, used 42296K [0x0000000081c00000, 0x0000000089600000, 0x00000000d5f00000)
  object space 124928K, 33% used [0x0000000081c00000,0x000000008454e2f8,0x0000000089600000)
 Metaspace       used 35024K, capacity 35770K, committed 36048K, reserved 1081344K
  class space    used 4472K, capacity 4672K, committed 4736K, reserved 1048576K
}
Event: 18.394 GC heap before
{Heap before GC invocations=16 (full 2):
 PSYoungGen      total 186368K, used 95280K [0x00000000d5f00000, 0x00000000e7400000, 0x0000000100000000)
  eden space 169472K, 56% used [0x00000000d5f00000,0x00000000dbc0c3e0,0x00000000e0480000)
  from space 16896K, 0% used [0x00000000e0480000,0x00000000e0480000,0x00000000e1500000)
  to   space 16896K, 0% used [0x00000000e6380000,0x00000000e6380000,0x00000000e7400000)
 ParOldGen       total 124928K, used 42296K [0x0000000081c00000, 0x0000000089600000, 0x00000000d5f00000)
  object space 124928K, 33% used [0x0000000081c00000,0x000000008454e2f8,0x0000000089600000)
 Metaspace       used 40017K, capacity 41124K, committed 41340K, reserved 1085440K
  class space    used 5123K, capacity 5379K, committed 5504K, reserved 1048576K
Event: 18.411 GC heap after
Heap after GC invocations=16 (full 2):
 PSYoungGen      total 230912K, used 7935K [0x00000000d5f00000, 0x00000000e6b80000, 0x0000000100000000)
  eden space 222720K, 0% used [0x00000000d5f00000,0x00000000d5f00000,0x00000000e3880000)
  from space 8192K, 96% used [0x00000000e6380000,0x00000000e6b3ff18,0x00000000e6b80000)
  to   space 16384K, 0% used [0x00000000e4b80000,0x00000000e4b80000,0x00000000e5b80000)
 ParOldGen       total 124928K, used 57136K [0x0000000081c00000, 0x0000000089600000, 0x00000000d5f00000)
  object space 124928K, 45% used [0x0000000081c00000,0x00000000853cc138,0x0000000089600000)
 Metaspace       used 40017K, capacity 41124K, committed 41340K, reserved 1085440K
  class space    used 5123K, capacity 5379K, committed 5504K, reserved 1048576K
}
Event: 18.411 GC heap before
{Heap before GC invocations=17 (full 3):
 PSYoungGen      total 230912K, used 7935K [0x00000000d5f00000, 0x00000000e6b80000, 0x0000000100000000)
  eden space 222720K, 0% used [0x00000000d5f00000,0x00000000d5f00000,0x00000000e3880000)
  from space 8192K, 96% used [0x00000000e6380000,0x00000000e6b3ff18,0x00000000e6b80000)
  to   space 16384K, 0% used [0x00000000e4b80000,0x00000000e4b80000,0x00000000e5b80000)
 ParOldGen       total 124928K, used 57136K [0x0000000081c00000, 0x0000000089600000, 0x00000000d5f00000)
  object space 124928K, 45% used [0x0000000081c00000,0x00000000853cc138,0x0000000089600000)
 Metaspace       used 40017K, capacity 41124K, committed 41340K, reserved 1085440K
  class space    used 5123K, capacity 5379K, committed 5504K, reserved 1048576K
Event: 18.594 GC heap after
Heap after GC invocations=17 (full 3):
 PSYoungGen      total 230912K, used 0K [0x00000000d5f00000, 0x00000000e6b80000, 0x0000000100000000)
  eden space 222720K, 0% used [0x00000000d5f00000,0x00000000d5f00000,0x00000000e3880000)
  from space 8192K, 0% used [0x00000000e6380000,0x00000000e6380000,0x00000000e6b80000)
  to   space 16384K, 0% used [0x00000000e4b80000,0x00000000e4b80000,0x00000000e5b80000)
 ParOldGen       total 124928K, used 63761K [0x0000000081c00000, 0x0000000089600000, 0x00000000d5f00000)
  object space 124928K, 51% used [0x0000000081c00000,0x0000000085a444c0,0x0000000089600000)
 Metaspace       used 40017K, capacity 41124K, committed 41340K, reserved 1085440K
  class space    used 5123K, capacity 5379K, committed 5504K, reserved 1048576K
}
Event: 59.723 GC heap before
{Heap before GC invocations=18 (full 3):
 PSYoungGen      total 230912K, used 222720K [0x00000000d5f00000, 0x00000000e6b80000, 0x0000000100000000)
  eden space 222720K, 100% used [0x00000000d5f00000,0x00000000e3880000,0x00000000e3880000)
  from space 8192K, 0% used [0x00000000e6380000,0x00000000e6380000,0x00000000e6b80000)
  to   space 16384K, 0% used [0x00000000e4b80000,0x00000000e4b80000,0x00000000e5b80000)
 ParOldGen       total 124928K, used 63761K [0x0000000081c00000, 0x0000000089600000, 0x00000000d5f00000)
  object space 124928K, 51% used [0x0000000081c00000,0x0000000085a444c0,0x0000000089600000)
 Metaspace       used 43024K, capacity 44634K, committed 44796K, reserved 1087488K
  class space    used 5543K, capacity 5870K, committed 5888K, reserved 1048576K
Event: 59.729 GC heap after
Heap after GC invocations=18 (full 3):
 PSYoungGen      total 258560K, used 5800K [0x00000000d5f00000, 0x00000000e9100000, 0x0000000100000000)
  eden space 242176K, 0% used [0x00000000d5f00000,0x00000000d5f00000,0x00000000e4b80000)
  from space 16384K, 35% used [0x00000000e4b80000,0x00000000e512a150,0x00000000e5b80000)
  to   space 15360K, 0% used [0x00000000e8200000,0x00000000e8200000,0x00000000e9100000)
 ParOldGen       total 124928K, used 63769K [0x0000000081c00000, 0x0000000089600000, 0x00000000d5f00000)
  object space 124928K, 51% used [0x0000000081c00000,0x0000000085a464c0,0x0000000089600000)
 Metaspace       used 43024K, capacity 44634K, committed 44796K, reserved 1087488K
  class space    used 5543K, capacity 5870K, committed 5888K, reserved 1048576K
}

