# JRE version: Java(TM) SE Runtime Environment (8.0_191-b12) (build 1.8.0_191-b12)
# Java VM: Java HotSpot(TM) 64-Bit Server VM (25.191-b12 mixed mode windows-amd64 compressed oops)
Heap:
 PSYoungGen      total 150528K, used 54980K [0x00000000d5f00000, 0x00000000e4700000, 0x0000000100000000)
  eden space 134656K, 40% used [0x00000000d5f00000,0x00000000d94b1328,0x00000000de280000)
  from space 15872K, 0% used [0x00000000de280000,0x00000000de280000,0x00000000df200000)
  to   space 16384K, 0% used [0x00000000e3700000,0x00000000e3700000,0x00000000e4700000)
 ParOldGen       total 96256K, used 27561K [0x0000000081c00000, 0x0000000087a00000, 0x00000000d5f00000)
  object space 96256K, 28% used [0x0000000081c00000,0x00000000836ea7d0,0x0000000087a00000)
 Metaspace       used 39536K, capacity 40650K, committed 40704K, reserved 1085440K
  class space    used 5087K, capacity 5334K, committed 5376K, reserved 1048576K
GC Heap History (10 events):
Event: 10.662 GC heap before
{Heap before GC invocations=11 (full 1):
 PSYoungGen      total 81408K, used 80243K [0x00000000d5f00000, 0x00000000dd000000, 0x0000000100000000)
  eden space 72192K, 100% used [0x00000000d5f00000,0x00000000da580000,0x00000000da580000)
  from space 9216K, 87% used [0x00000000da580000,0x00000000dad5ced8,0x00000000dae80000)
  to   space 9728K, 0% used [0x00000000dc680000,0x00000000dc680000,0x00000000dd000000)
 ParOldGen       total 65024K, used 8488K [0x0000000081c00000, 0x0000000085b80000, 0x00000000d5f00000)
  object space 65024K, 13% used [0x0000000081c00000,0x000000008244a308,0x0000000085b80000)
 Metaspace       used 34069K, capacity 34854K, committed 35072K, reserved 1079296K
  class space    used 4398K, capacity 4606K, committed 4608K, reserved 1048576K
Event: 10.673 GC heap after
Heap after GC invocations=11 (full 1):
 PSYoungGen      total 103936K, used 9701K [0x00000000d5f00000, 0x00000000dd800000, 0x0000000100000000)
  eden space 94208K, 0% used [0x00000000d5f00000,0x00000000d5f00000,0x00000000dbb00000)
  from space 9728K, 99% used [0x00000000dc680000,0x00000000dcff9510,0x00000000dd000000)
  to   space 11776K, 0% used [0x00000000dbb00000,0x00000000dbb00000,0x00000000dc680000)
 ParOldGen       total 65024K, used 10982K [0x0000000081c00000, 0x0000000085b80000, 0x00000000d5f00000)
  object space 65024K, 16% used [0x0000000081c00000,0x00000000826b9968,0x0000000085b80000)
 Metaspace       used 34069K, capacity 34854K, committed 35072K, reserved 1079296K
  class space    used 4398K, capacity 4606K, committed 4608K, reserved 1048576K
}
Event: 10.922 GC heap before
{Heap before GC invocations=12 (full 1):
 PSYoungGen      total 103936K, used 103909K [0x00000000d5f00000, 0x00000000dd800000, 0x0000000100000000)
  eden space 94208K, 100% used [0x00000000d5f00000,0x00000000dbb00000,0x00000000dbb00000)
  from space 9728K, 99% used [0x00000000dc680000,0x00000000dcff9510,0x00000000dd000000)
  to   space 11776K, 0% used [0x00000000dbb00000,0x00000000dbb00000,0x00000000dc680000)
 ParOldGen       total 65024K, used 10982K [0x0000000081c00000, 0x0000000085b80000, 0x00000000d5f00000)
  object space 65024K, 16% used [0x0000000081c00000,0x00000000826b9968,0x0000000085b80000)
 Metaspace       used 34304K, capacity 35110K, committed 35328K, reserved 1079296K
  class space    used 4398K, capacity 4606K, committed 4608K, reserved 1048576K
Event: 10.938 GC heap after
Heap after GC invocations=12 (full 1):
 PSYoungGen      total 105984K, used 11760K [0x00000000d5f00000, 0x00000000dff80000, 0x0000000100000000)
  eden space 94208K, 0% used [0x00000000d5f00000,0x00000000d5f00000,0x00000000dbb00000)
  from space 11776K, 99% used [0x00000000dbb00000,0x00000000dc67c020,0x00000000dc680000)
  to   space 13824K, 0% used [0x00000000df200000,0x00000000df200000,0x00000000dff80000)
 ParOldGen       total 65024K, used 12069K [0x0000000081c00000, 0x0000000085b80000, 0x00000000d5f00000)
  object space 65024K, 18% used [0x0000000081c00000,0x00000000827c9568,0x0000000085b80000)
 Metaspace       used 34304K, capacity 35110K, committed 35328K, reserved 1079296K
  class space    used 4398K, capacity 4606K, committed 4608K, reserved 1048576K
}
Event: 11.113 GC heap before
{Heap before GC invocations=13 (full 1):
 PSYoungGen      total 105984K, used 105968K [0x00000000d5f00000, 0x00000000dff80000, 0x0000000100000000)
  eden space 94208K, 100% used [0x00000000d5f00000,0x00000000dbb00000,0x00000000dbb00000)
  from space 11776K, 99% used [0x00000000dbb00000,0x00000000dc67c020,0x00000000dc680000)
  to   space 13824K, 0% used [0x00000000df200000,0x00000000df200000,0x00000000dff80000)
 ParOldGen       total 65024K, used 12069K [0x0000000081c00000, 0x0000000085b80000, 0x00000000d5f00000)
  object space 65024K, 18% used [0x0000000081c00000,0x00000000827c9568,0x0000000085b80000)
 Metaspace       used 34373K, capacity 35174K, committed 35328K, reserved 1079296K
  class space    used 4405K, capacity 4606K, committed 4608K, reserved 1048576K
Event: 11.131 GC heap after
Heap after GC invocations=13 (full 1):
 PSYoungGen      total 148480K, used 13792K [0x00000000d5f00000, 0x00000000e0800000, 0x0000000100000000)
  eden space 134656K, 0% used [0x00000000d5f00000,0x00000000d5f00000,0x00000000de280000)
  from space 13824K, 99% used [0x00000000df200000,0x00000000dff78030,0x00000000dff80000)
  to   space 15872K, 0% used [0x00000000de280000,0x00000000de280000,0x00000000df200000)
 ParOldGen       total 65024K, used 13229K [0x0000000081c00000, 0x0000000085b80000, 0x00000000d5f00000)
  object space 65024K, 20% used [0x0000000081c00000,0x00000000828eb568,0x0000000085b80000)
 Metaspace       used 34373K, capacity 35174K, committed 35328K, reserved 1079296K
  class space    used 4405K, capacity 4606K, committed 4608K, reserved 1048576K
}
Event: 11.257 GC heap before
{Heap before GC invocations=14 (full 1):
 PSYoungGen      total 148480K, used 59216K [0x00000000d5f00000, 0x00000000e0800000, 0x0000000100000000)
  eden space 134656K, 33% used [0x00000000d5f00000,0x00000000d8b5c200,0x00000000de280000)
  from space 13824K, 99% used [0x00000000df200000,0x00000000dff78030,0x00000000dff80000)
  to   space 15872K, 0% used [0x00000000de280000,0x00000000de280000,0x00000000df200000)
 ParOldGen       total 65024K, used 13229K [0x0000000081c00000, 0x0000000085b80000, 0x00000000d5f00000)
  object space 65024K, 20% used [0x0000000081c00000,0x00000000828eb568,0x0000000085b80000)
 Metaspace       used 34500K, capacity 35302K, committed 35496K, reserved 1081344K
  class space    used 4427K, capacity 4606K, committed 4608K, reserved 1048576K
Event: 11.272 GC heap after
Heap after GC invocations=14 (full 1):
 PSYoungGen      total 150528K, used 10304K [0x00000000d5f00000, 0x00000000e4700000, 0x0000000100000000)
  eden space 134656K, 0% used [0x00000000d5f00000,0x00000000d5f00000,0x00000000de280000)
  from space 15872K, 64% used [0x00000000de280000,0x00000000dec90000,0x00000000df200000)
  to   space 16384K, 0% used [0x00000000e3700000,0x00000000e3700000,0x00000000e4700000)
 ParOldGen       total 65024K, used 18439K [0x0000000081c00000, 0x0000000085b80000, 0x00000000d5f00000)
  object space 65024K, 28% used [0x0000000081c00000,0x0000000082e01db8,0x0000000085b80000)
 Metaspace       used 34500K, capacity 35302K, committed 35496K, reserved 1081344K
  class space    used 4427K, capacity 4606K, committed 4608K, reserved 1048576K
}
Event: 11.272 GC heap before
{Heap before GC invocations=15 (full 2):
 PSYoungGen      total 150528K, used 10304K [0x00000000d5f00000, 0x00000000e4700000, 0x0000000100000000)
  eden space 134656K, 0% used [0x00000000d5f00000,0x00000000d5f00000,0x00000000de280000)
  from space 15872K, 64% used [0x00000000de280000,0x00000000dec90000,0x00000000df200000)
  to   space 16384K, 0% used [0x00000000e3700000,0x00000000e3700000,0x00000000e4700000)
 ParOldGen       total 65024K, used 18439K [0x0000000081c00000, 0x0000000085b80000, 0x00000000d5f00000)
  object space 65024K, 28% used [0x0000000081c00000,0x0000000082e01db8,0x0000000085b80000)
 Metaspace       used 34500K, capacity 35302K, committed 35496K, reserved 1081344K
  class space    used 4427K, capacity 4606K, committed 4608K, reserved 1048576K
Event: 11.461 GC heap after
Heap after GC invocations=15 (full 2):
 PSYoungGen      total 150528K, used 0K [0x00000000d5f00000, 0x00000000e4700000, 0x0000000100000000)
  eden space 134656K, 0% used [0x00000000d5f00000,0x00000000d5f00000,0x00000000de280000)
  from space 15872K, 0% used [0x00000000de280000,0x00000000de280000,0x00000000df200000)
  to   space 16384K, 0% used [0x00000000e3700000,0x00000000e3700000,0x00000000e4700000)
 ParOldGen       total 96256K, used 27561K [0x0000000081c00000, 0x0000000087a00000, 0x00000000d5f00000)
  object space 96256K, 28% used [0x0000000081c00000,0x00000000836ea7d0,0x0000000087a00000)
 Metaspace       used 34500K, capacity 35302K, committed 35496K, reserved 1081344K
  class space    used 4427K, capacity 4606K, committed 4608K, reserved 1048576K
}

